<?xml version="1.0" encoding="UTF-8"?>
<!-- Generated by org.testng.reporters.JUnitReportReporter -->
<testsuite hostname="DESKTOP-32RJ7DN" name="testngprogs.ITestResultProg" tests="1" failures="0" timestamp="10 Aug 2019 16:36:52 GMT" time="45.856" errors="0">
  <testcase name="login" time="45.856" classname="testngprogs.ITestResultProg"/>
</testsuite> <!-- testngprogs.ITestResultProg -->
