<?xml version="1.0" encoding="UTF-8"?>
<!-- Generated by org.testng.reporters.JUnitReportReporter -->
<testsuite hostname="DESKTOP-32RJ7DN" name="testngprogs.Sample" tests="1" failures="0" timestamp="6 Aug 2019 15:37:25 GMT" time="27.671" errors="0">
  <testcase name="login" time="27.671" classname="testngprogs.Sample"/>
</testsuite> <!-- testngprogs.Sample -->
