<?xml version="1.0" encoding="UTF-8"?>
<!-- Generated by org.testng.reporters.JUnitReportReporter -->
<testsuite hostname="DESKTOP-32RJ7DN" name="com.ebanking.scripts.Runner2" tests="1" failures="0" timestamp="13 Aug 2019 13:25:31 GMT" time="24.401" errors="0">
  <testcase name="m2" time="24.401" classname="com.ebanking.scripts.Runner2"/>
</testsuite> <!-- com.ebanking.scripts.Runner2 -->
